#
# A fatal error has been detected by the Java Runtime Environment:
#
#  SIGBUS (0x7) at pc=0x705d2fd0, pid=32609, tid=1797000000
#
# JRE version: 6.0_31-b04
# Java VM: Java HotSpot(TM) Server VM (20.6-b01 mixed mode linux-x86 )
# Problematic frame:
# 
[error occurred during error reporting (printing problematic frame), id 0x7]

# If you would like to submit a bug report, please visit:
#   http://java.sun.com/webapps/bugreport/crash.jsp
# The crash happened outside the Java Virtual Machine in native code.
# See problematic frame for where to report the bug.
#

---------------  T H R E A D  ---------------

Current thread (0x704b8000):  JavaThread "LWJGL Application" [_thread_in_native, id=32642, stack(0x6b170000,0x6b1c1000)]

siginfo:si_signo=SIGBUS: si_errno=0, si_code=2 (BUS_ADRERR), si_addr=0x705d2fd0

Registers:
EAX=0x6b1bfba4, EBX=0x9fa373c8, ECX=0x9fa37428, EDX=0x704b8120
ESP=0x6b1bfb8c, EBP=0x6b1bfbb8, ESI=0x6b1bfba8, EDI=0x704b8000
EIP=0x705d2fd0, EFLAGS=0x00210246, CR2=0x705d2fd0

Top of Stack: (sp=0x6b1bfb8c)
0x6b1bfb8c:   b37c030c 704b8120 6b1bfba8 6b1bfba0
0x6b1bfb9c:   6b1bfba4 9fa37428 9fa37378 71bfcbe0
0x6b1bfbac:   7025376f 00004000 b6998664 9fa371d0
0x6b1bfbbc:   b37d1f84 754e2c10 9fa371d0 704b8000
0x6b1bfbcc:   9fa378d8 9fa37220 9fa37318 9fa37250
0x6b1bfbdc:   755488a8 75548690 3f800000 71a57cf0
0x6b1bfbec:   71a57cf0 00000031 70340360 754e2bd0
0x6b1bfbfc:   b37e2ebc 4477af00 00000000 00000000 

Instructions: (pc=0x705d2fd0)
0x705d2fb0:   
[error occurred during error reporting (printing registers, top of stack, instructions near pc), id 0x7]

Register to memory mapping:

EAX=0x6b1bfba4 is pointing into the stack for thread: 0x704b8000
EBX=0x9fa373c8 is an oop
com.badlogic.gdx.math.Matrix4 
 - klass: 'com/badlogic/gdx/math/Matrix4'
ECX=0x9fa37428 is an oop
[F 
 - klass: {type array float}
 - length: 16
EDX=0x704b8120 is an unknown value
ESP=0x6b1bfb8c is pointing into the stack for thread: 0x704b8000
EBP=0x6b1bfbb8 is pointing into the stack for thread: 0x704b8000
ESI=0x6b1bfba8 is pointing into the stack for thread: 0x704b8000
EDI=0x704b8000 is a thread


Stack: [0x6b170000,0x6b1c1000],  sp=0x6b1bfb8c,  free space=318k
Native frames: (J=compiled Java code, j=interpreted, Vv=VM code, C=native code)

[error occurred during error reporting (printing native stack), id 0x7]

Java frames: (J=compiled Java code, j=interpreted, Vv=VM code)
J  com.badlogic.gdx.math.Matrix4.mul([F[F)V
J  com.badlogic.gdx.scenes.scene2d.Stage.draw()V
J  net.k3rnel.unsealed.screens.AbstractScreen.render(F)V
J  net.k3rnel.unsealed.screens.BattleScreen.render(F)V
j  com.badlogic.gdx.Game.render()V+19
j  net.k3rnel.unsealed.Unsealed.render()V+1
J  com.badlogic.gdx.backends.lwjgl.LwjglApplication.mainLoop()V
j  com.badlogic.gdx.backends.lwjgl.LwjglApplication$1.run()V+27
v  ~StubRoutines::call_stub

---------------  P R O C E S S  ---------------

Java Threads: ( => current thread )
  0xb6906800 JavaThread "DestroyJavaVM" [_thread_blocked, id=32611, stack(0xb6ac5000,0xb6b16000)]
=>0x704b8000 JavaThread "LWJGL Application" [_thread_in_native, id=32642, stack(0x6b170000,0x6b1c1000)]
  0x70490000 JavaThread "AWT-XAWT" daemon [_thread_in_native, id=32637, stack(0x70268000,0x702b9000)]
  0x70459000 JavaThread "Java2D Disposer" daemon [_thread_blocked, id=32636, stack(0x702b9000,0x7030a000)]
  0xb69af400 JavaThread "Low Memory Detector" daemon [_thread_blocked, id=32634, stack(0x707c7000,0x70818000)]
  0xb69a4000 JavaThread "C2 CompilerThread1" daemon [_thread_blocked, id=32633, stack(0x70818000,0x70899000)]
  0xb69a2000 JavaThread "C2 CompilerThread0" daemon [_thread_blocked, id=32632, stack(0x70899000,0x7091a000)]
  0x0924a800 JavaThread "JDWP Command Reader" daemon [_thread_in_native, id=32629, stack(0x7091a000,0x7096b000)]
  0xb69a0400 JavaThread "JDWP Event Helper Thread" daemon [_thread_blocked, id=32628, stack(0x7096b000,0x709bc000)]
  0xb699dc00 JavaThread "JDWP Transport Listener: dt_socket" daemon [_thread_blocked, id=32625, stack(0x709bc000,0x70a0d000)]
  0xb6995400 JavaThread "Signal Dispatcher" daemon [_thread_blocked, id=32623, stack(0x70e2e000,0x70e7f000)]
  0xb6987800 JavaThread "Finalizer" daemon [_thread_blocked, id=32622, stack(0x70a0d000,0x70a5e000)]
  0xb6986000 JavaThread "Reference Handler" daemon [_thread_blocked, id=32621, stack(0x70a5e000,0x70aaf000)]

Other Threads:
  0xb6982400 VMThread [stack: 0x70aaf000,0x70b30000] [id=32619]
  0xb69b1000 WatcherThread [stack: 0x70746000,0x707c7000] [id=32635]

VM state:not at safepoint (normal execution)

VM Mutex/Monitor currently owned by a thread: None

Heap
 PSYoungGen      total 14976K, used 4408K [0x9eaf0000, 0x9fcd0000, 0xb3640000)
  eden space 14848K, 29% used [0x9eaf0000,0x9ef26050,0x9f970000)
  from space 128K, 75% used [0x9fa20000,0x9fa38000,0x9fa40000)
  to   space 1728K, 0% used [0x9fb20000,0x9fb20000,0x9fcd0000)
 PSOldGen        total 42368K, used 1130K [0x75440000, 0x77da0000, 0x9eaf0000)
  object space 42368K, 2% used [0x75440000,0x7555a890,0x77da0000)
 PSPermGen       total 16384K, used 9112K [0x71440000, 0x72440000, 0x75440000)
  object space 16384K, 55% used [0x71440000,0x71d26120,0x72440000)

Code Cache  [0xb3700000, 0xb3940000, 0xb6700000)
 total_blobs=646 nmethods=380 adapters=228 free_code_cache=49139008 largest_free_block=19520

Dynamic libraries:
08048000-08052000 r-xp 00000000 08:05 527504     /usr/java/jdk1.6.0_31/bin/java
08052000-08053000 rwxp 00009000 08:05 527504     /usr/java/jdk1.6.0_31/bin/java
09249000-0969f000 rwxp 00000000 00:00 0          [heap]
423aa000-423c9000 r-xp 00000000 08:05 134855     /usr/lib/ld-2.15.so
423c9000-423ca000 r-xp 0001e000 08:05 134855     /usr/lib/ld-2.15.so
423ca000-423cb000 rwxp 0001f000 08:05 134855     /usr/lib/ld-2.15.so
423cd000-42575000 r-xp 00000000 08:05 134959     /usr/lib/libc-2.15.so
42575000-42577000 r-xp 001a8000 08:05 134959     /usr/lib/libc-2.15.so
42577000-42578000 rwxp 001aa000 08:05 134959     /usr/lib/libc-2.15.so
42578000-4257b000 rwxp 00000000 00:00 0 
4257d000-42593000 r-xp 00000000 08:05 137672     /usr/lib/libpthread-2.15.so
42593000-42594000 r-xp 00015000 08:05 137672     /usr/lib/libpthread-2.15.so
42594000-42595000 rwxp 00016000 08:05 137672     /usr/lib/libpthread-2.15.so
42595000-42597000 rwxp 00000000 00:00 0 
42599000-4259c000 r-xp 00000000 08:05 140496     /usr/lib/libdl-2.15.so
4259c000-4259d000 r-xp 00002000 08:05 140496     /usr/lib/libdl-2.15.so
4259d000-4259e000 rwxp 00003000 08:05 140496     /usr/lib/libdl-2.15.so
425a0000-425a7000 r-xp 00000000 08:05 137980     /usr/lib/librt-2.15.so
425a7000-425a8000 r-xp 00006000 08:05 137980     /usr/lib/librt-2.15.so
425a8000-425a9000 rwxp 00007000 08:05 137980     /usr/lib/librt-2.15.so
425c3000-425ec000 r-xp 00000000 08:05 141213     /usr/lib/libm-2.15.so
425ec000-425ed000 r-xp 00028000 08:05 141213     /usr/lib/libm-2.15.so
425ed000-425ee000 rwxp 00029000 08:05 141213     /usr/lib/libm-2.15.so
425f0000-4260f000 r-xp 00000000 08:05 141207     /usr/lib/libselinux.so.1
4260f000-42610000 r-xp 0001e000 08:05 141207     /usr/lib/libselinux.so.1
42610000-42611000 rwxp 0001f000 08:05 141207     /usr/lib/libselinux.so.1
42611000-42612000 rwxp 00000000 00:00 0 
4273e000-42753000 r-xp 00000000 08:05 141208     /usr/lib/libresolv-2.15.so
42753000-42754000 r-xp 00015000 08:05 141208     /usr/lib/libresolv-2.15.so
42754000-42755000 rwxp 00016000 08:05 141208     /usr/lib/libresolv-2.15.so
42755000-42757000 rwxp 00000000 00:00 0 
427af000-427cb000 r-xp 00000000 08:05 146242     /usr/lib/libgcc_s-4.7.0-20120507.so.1
427cb000-427cc000 rwxp 0001b000 08:05 146242     /usr/lib/libgcc_s-4.7.0-20120507.so.1
427ce000-427d3000 r-xp 00000000 08:05 140045     /usr/lib/libffi.so.5.0.10
427d3000-427d4000 ---p 00005000 08:05 140045     /usr/lib/libffi.so.5.0.10
427d4000-427d5000 r-xp 00005000 08:05 140045     /usr/lib/libffi.so.5.0.10
427d5000-427d6000 rwxp 00006000 08:05 140045     /usr/lib/libffi.so.5.0.10
42938000-42958000 r-xp 00000000 08:05 159485     /usr/lib/libxcb.so.1.1.0
42958000-42959000 r-xp 0001f000 08:05 159485     /usr/lib/libxcb.so.1.1.0
42959000-4295a000 rwxp 00020000 08:05 159485     /usr/lib/libxcb.so.1.1.0
4295c000-4295e000 r-xp 00000000 08:05 159483     /usr/lib/libXau.so.6.0.0
4295e000-4295f000 r-xp 00001000 08:05 159483     /usr/lib/libXau.so.6.0.0
4295f000-42960000 rwxp 00002000 08:05 159483     /usr/lib/libXau.so.6.0.0
42962000-42a96000 r-xp 00000000 08:05 159760     /usr/lib/libX11.so.6.3.0
42a96000-42a97000 r-xp 00134000 08:05 159760     /usr/lib/libX11.so.6.3.0
42a97000-42a9a000 rwxp 00135000 08:05 159760     /usr/lib/libX11.so.6.3.0
42a9c000-42aac000 r-xp 00000000 08:05 161555     /usr/lib/libXext.so.6.4.0
42aac000-42aad000 r-xp 0000f000 08:05 161555     /usr/lib/libXext.so.6.4.0
42aad000-42aae000 rwxp 00010000 08:05 161555     /usr/lib/libXext.so.6.4.0
42adf000-42b26000 r-xp 00000000 08:05 162943     /usr/lib/libdbus-1.so.3.5.6
42b26000-42b27000 ---p 00047000 08:05 162943     /usr/lib/libdbus-1.so.3.5.6
42b27000-42b28000 r-xp 00047000 08:05 162943     /usr/lib/libdbus-1.so.3.5.6
42b28000-42b29000 rwxp 00048000 08:05 162943     /usr/lib/libdbus-1.so.3.5.6
42b2b000-42b51000 r-xp 00000000 08:05 145194     /usr/lib/libexpat.so.1.6.0
42b51000-42b53000 r-xp 00025000 08:05 145194     /usr/lib/libexpat.so.1.6.0
42b53000-42b54000 rwxp 00027000 08:05 145194     /usr/lib/libexpat.so.1.6.0
42b56000-42b5d000 r-xp 00000000 08:05 162238     /usr/lib/libXrandr.so.2.2.0
42b5d000-42b5e000 r-xp 00006000 08:05 162238     /usr/lib/libXrandr.so.2.2.0
42b5e000-42b5f000 rwxp 00007000 08:05 162238     /usr/lib/libXrandr.so.2.2.0
42c03000-42c0b000 r-xp 00000000 08:05 160025     /usr/lib/libXrender.so.1.3.0
42c0b000-42c0c000 r-xp 00008000 08:05 160025     /usr/lib/libXrender.so.1.3.0
42c0c000-42c0d000 rwxp 00009000 08:05 160025     /usr/lib/libXrender.so.1.3.0
42d9d000-42dab000 r-xp 00000000 08:05 161854     /usr/lib/libXi.so.6.1.0
42dab000-42dac000 r-xp 0000d000 08:05 161854     /usr/lib/libXi.so.6.1.0
42dac000-42dad000 rwxp 0000e000 08:05 161854     /usr/lib/libXi.so.6.1.0
42daf000-42e8f000 r-xp 00000000 08:05 164302     /usr/lib/libstdc++.so.6.0.17
42e8f000-42e93000 r-xp 000e0000 08:05 164302     /usr/lib/libstdc++.so.6.0.17
42e93000-42e94000 rwxp 000e4000 08:05 164302     /usr/lib/libstdc++.so.6.0.17
42e94000-42e9b000 rwxp 00000000 00:00 0 
42e9d000-42ea1000 r-xp 00000000 08:05 162239     /usr/lib/libXfixes.so.3.1.0
42ea1000-42ea2000 r-xp 00003000 08:05 162239     /usr/lib/libXfixes.so.3.1.0
42ea2000-42ea3000 rwxp 00004000 08:05 162239     /usr/lib/libXfixes.so.3.1.0
42edd000-42edf000 r-xp 00000000 08:05 162745     /usr/lib/libXdamage.so.1.1.0
42edf000-42ee0000 r-xp 00001000 08:05 162745     /usr/lib/libXdamage.so.1.1.0
42ee0000-42ee1000 rwxp 00002000 08:05 162745     /usr/lib/libXdamage.so.1.1.0
42fc5000-42fce000 r-xp 00000000 08:05 162331     /usr/lib/libXcursor.so.1.0.2
42fce000-42fcf000 r-xp 00008000 08:05 162331     /usr/lib/libXcursor.so.1.0.2
42fcf000-42fd0000 rwxp 00009000 08:05 162331     /usr/lib/libXcursor.so.1.0.2
430ec000-430f0000 r-xp 00000000 08:05 176960     /usr/lib/libuuid.so.1.3.0
430f0000-430f1000 r-xp 00003000 08:05 176960     /usr/lib/libuuid.so.1.3.0
430f1000-430f2000 rwxp 00004000 08:05 176960     /usr/lib/libuuid.so.1.3.0
43d49000-43d50000 r-xp 00000000 08:05 177047     /usr/lib/libSM.so.6.0.1
43d50000-43d51000 r-xp 00006000 08:05 177047     /usr/lib/libSM.so.6.0.1
43d51000-43d52000 rwxp 00007000 08:05 177047     /usr/lib/libSM.so.6.0.1
43d54000-43d6a000 r-xp 00000000 08:05 174044     /usr/lib/libICE.so.6.3.0
43d6a000-43d6b000 r-xp 00015000 08:05 174044     /usr/lib/libICE.so.6.3.0
43d6b000-43d6c000 rwxp 00016000 08:05 174044     /usr/lib/libICE.so.6.3.0
43d6c000-43d6e000 rwxp 00000000 00:00 0 
43d97000-43d9c000 r-xp 00000000 08:05 180116     /usr/lib/libasyncns.so.0.3.1
43d9c000-43d9d000 r-xp 00004000 08:05 180116     /usr/lib/libasyncns.so.0.3.1
43d9d000-43d9e000 rwxp 00005000 08:05 180116     /usr/lib/libasyncns.so.0.3.1
43dca000-43dcb000 r-xp 00000000 08:05 163038     /usr/lib/libX11-xcb.so.1.0.0
43dcb000-43dcc000 r-xp 00000000 08:05 163038     /usr/lib/libX11-xcb.so.1.0.0
43dcc000-43dcd000 rwxp 00001000 08:05 163038     /usr/lib/libX11-xcb.so.1.0.0
43df3000-43df7000 r-xp 00000000 08:05 173130     /usr/lib/libXxf86vm.so.1.0.0
43df7000-43df8000 r-xp 00003000 08:05 173130     /usr/lib/libXxf86vm.so.1.0.0
43df8000-43df9000 rwxp 00004000 08:05 173130     /usr/lib/libXxf86vm.so.1.0.0
43ec0000-43ec6000 r-xp 00000000 08:05 168187     /usr/lib/libogg.so.0.8.0
43ec6000-43ec7000 r-xp 00005000 08:05 168187     /usr/lib/libogg.so.0.8.0
43ec7000-43ec8000 rwxp 00006000 08:05 168187     /usr/lib/libogg.so.0.8.0
43ef5000-43f20000 r-xp 00000000 08:05 171029     /usr/lib/libvorbis.so.0.4.6
43f20000-43f21000 r-xp 0002a000 08:05 171029     /usr/lib/libvorbis.so.0.4.6
43f21000-43f22000 rwxp 0002b000 08:05 171029     /usr/lib/libvorbis.so.0.4.6
43f2a000-43f35000 r-xp 00000000 08:05 164858     /usr/lib/libgsm.so.1.0.12
43f35000-43f36000 rwxp 0000a000 08:05 164858     /usr/lib/libgsm.so.1.0.12
4406d000-44084000 r-xp 00000000 08:05 179937     /usr/lib/libnsl-2.15.so
44084000-44085000 r-xp 00016000 08:05 179937     /usr/lib/libnsl-2.15.so
44085000-44086000 rwxp 00017000 08:05 179937     /usr/lib/libnsl-2.15.so
44086000-44088000 rwxp 00000000 00:00 0 
442a5000-442aa000 r-xp 00000000 08:05 168772     /usr/lib/libXtst.so.6.1.0
442aa000-442ab000 r-xp 00004000 08:05 168772     /usr/lib/libXtst.so.6.1.0
442ab000-442ac000 rwxp 00005000 08:05 168772     /usr/lib/libXtst.so.6.1.0
442ae000-442b9000 r-xp 00000000 08:05 175513     /usr/lib/libdrm.so.2.4.0
442b9000-442ba000 r-xp 0000a000 08:05 175513     /usr/lib/libdrm.so.2.4.0
442ba000-442bb000 rwxp 0000b000 08:05 175513     /usr/lib/libdrm.so.2.4.0
442bd000-44423000 r-xp 00000000 08:05 171033     /usr/lib/libvorbisenc.so.2.0.9
44423000-44434000 r-xp 00165000 08:05 171033     /usr/lib/libvorbisenc.so.2.0.9
44434000-44435000 rwxp 00176000 08:05 171033     /usr/lib/libvorbisenc.so.2.0.9
44475000-444d7000 r-xp 00000000 08:05 171037     /usr/lib/libsndfile.so.1.0.25
444d7000-444d9000 r-xp 00061000 08:05 171037     /usr/lib/libsndfile.so.1.0.25
444d9000-444da000 rwxp 00063000 08:05 171037     /usr/lib/libsndfile.so.1.0.25
444da000-444de000 rwxp 00000000 00:00 0 
444e0000-4451d000 r-xp 00000000 08:05 169531     /usr/lib/libFLAC.so.8.2.0
4451d000-4451e000 r-xp 0003d000 08:05 169531     /usr/lib/libFLAC.so.8.2.0
4451e000-4451f000 rwxp 0003e000 08:05 169531     /usr/lib/libFLAC.so.8.2.0
44582000-4458a000 r-xp 00000000 08:05 180034     /usr/lib/libwrap.so.0.7.6
4458a000-4458b000 r-xp 00007000 08:05 180034     /usr/lib/libwrap.so.0.7.6
4458b000-4458c000 rwxp 00008000 08:05 180034     /usr/lib/libwrap.so.0.7.6
445f1000-4463d000 r-xp 00000000 08:05 180331     /usr/lib/libpulse.so.0.13.5
4463d000-4463e000 r-xp 0004b000 08:05 180331     /usr/lib/libpulse.so.0.13.5
4463e000-4463f000 rwxp 0004c000 08:05 180331     /usr/lib/libpulse.so.0.13.5
44641000-446a6000 r-xp 00000000 08:05 180120     /usr/lib/libpulsecommon-1.1.so
446a6000-446a7000 r-xp 00064000 08:05 180120     /usr/lib/libpulsecommon-1.1.so
446a7000-446a8000 rwxp 00065000 08:05 180120     /usr/lib/libpulsecommon-1.1.so
446aa000-446b1000 r-xp 00000000 08:05 163395     /usr/lib/libjson.so.0.0.1
446b1000-446b2000 r-xp 00006000 08:05 163395     /usr/lib/libjson.so.0.0.1
446b2000-446b3000 rwxp 00007000 08:05 163395     /usr/lib/libjson.so.0.0.1
446b5000-446cc000 r-xp 00000000 08:05 175495     /usr/lib/libxcb-glx.so.0.0.0
446cc000-446cd000 r-xp 00017000 08:05 175495     /usr/lib/libxcb-glx.so.0.0.0
446cd000-446ce000 rwxp 00018000 08:05 175495     /usr/lib/libxcb-glx.so.0.0.0
44763000-44794000 r-xp 00000000 08:05 175460     /usr/lib/libglapi.so.0.0.0
44794000-44797000 r-xp 00030000 08:05 175460     /usr/lib/libglapi.so.0.0.0
44797000-44798000 rwxp 00033000 08:05 175460     /usr/lib/libglapi.so.0.0.0
44804000-4487c000 r-xp 00000000 08:05 175938     /usr/lib/libGL.so.1.2
4487c000-4487e000 r-xp 00078000 08:05 175938     /usr/lib/libGL.so.1.2
4487e000-4487f000 rwxp 0007a000 08:05 175938     /usr/lib/libGL.so.1.2
5eceb000-63cff000 rwxp 00000000 00:00 0 
64100000-641e2000 rwxp 00000000 00:00 0 
641e2000-64200000 ---p 00000000 00:00 0 
64254000-64c54000 rwxp 00000000 00:00 0 
64cf6000-666fe000 rwxp 00000000 00:00 0 
667fc000-66f00000 rwxp 00000000 00:00 0 
66f00000-66ffe000 rwxp 00000000 00:00 0 
66ffe000-67000000 ---p 00000000 00:00 0 
670fa000-675ff000 rwxp 00000000 00:00 0 
675ff000-67700000 rwxp 00000000 00:00 0 
67700000-677f9000 rwxp 00000000 00:00 0 
677f9000-67800000 ---p 00000000 00:00 0 
6785f000-67a00000 rwxp 00000000 00:00 0 
67a00000-67c00000 rwxp 00000000 00:00 0 
67c00000-67e00000 rwxp 00000000 00:00 0 
67e00000-67f00000 rwxp 00000000 00:00 0 
67f5f000-68100000 rwxp 00000000 00:00 0 
68100000-68200000 rwxp 00000000 00:00 0 
6828b000-682e2000 rwxp 00000000 00:00 0 
682e4000-683a6000 rwxp 00000000 00:00 0 
683a6000-683a7000 ---p 00000000 00:00 0 
683a7000-68ba7000 rwxp 00000000 00:00 0          [stack:32648]
68ba7000-68ba8000 ---p 00000000 00:00 0 
68ba8000-693a8000 rwxp 00000000 00:00 0          [stack:32647]
693a8000-6a6b7000 r-xp 00000000 08:05 169823     /usr/lib/llvm/libLLVM-3.0.so
6a6b7000-6a7a9000 r-xp 0130e000 08:05 169823     /usr/lib/llvm/libLLVM-3.0.so
6a7a9000-6a882000 rwxp 01400000 08:05 169823     /usr/lib/llvm/libLLVM-3.0.so
6a882000-6a88f000 rwxp 00000000 00:00 0 
6a88f000-6ad0a000 r-xp 00000000 08:05 788992     /usr/lib/dri/swrast_dri.so
6ad0a000-6ad1b000 r-xp 0047a000 08:05 788992     /usr/lib/dri/swrast_dri.so
6ad1b000-6ad1f000 rwxp 0048b000 08:05 788992     /usr/lib/dri/swrast_dri.so
6ad1f000-6b000000 rwxp 00000000 00:00 0 
6b000000-6b0f2000 rwxp 00000000 00:00 0 
6b0f2000-6b100000 ---p 00000000 00:00 0 
6b11f000-6b122000 ---p 00000000 00:00 0 
6b122000-6b170000 rwxp 00000000 00:00 0 
6b170000-6b173000 ---p 00000000 00:00 0 
6b173000-6b1c1000 rwxp 00000000 00:00 0          [stack:32642]
6b1c1000-6b1c2000 ---p 00000000 00:00 0 
6b1c2000-6b9c2000 rwxp 00000000 00:00 0          [stack:32641]
6b9c2000-6f9c3000 rwxs 00000000 00:0f 266795     /dev/shm/pulse-shm-4012163369
6f9c3000-6f9c4000 ---p 00000000 00:00 0 
6f9c4000-701c4000 rwxp 00000000 00:00 0          [stack:32640]
701c4000-70209000 r-xp 00000000 08:05 525754     /tmp/libgdxNushio/79053940/libopenal.so
70209000-7020a000 r-xp 00045000 08:05 525754     /tmp/libgdxNushio/79053940/libopenal.so
7020a000-7020b000 rwxp 00046000 08:05 525754     /tmp/libgdxNushio/79053940/libopenal.so
7020b000-70265000 r-xp 00000000 08:05 525764     /tmp/libgdxNushio/79053940/liblwjgl.so
70265000-70266000 ---p 0005a000 08:05 525764     /tmp/libgdxNushio/79053940/liblwjgl.so
70266000-70267000 r-xp 0005a000 08:05 525764     /tmp/libgdxNushio/79053940/liblwjgl.so
70267000-70268000 rwxp 0005b000 08:05 525764     /tmp/libgdxNushio/79053940/liblwjgl.so
70268000-7026b000 ---p 00000000 00:00 0 
7026b000-702b9000 rwxp 00000000 00:00 0          [stack:32637]
702b9000-702bc000 ---p 00000000 00:00 0 
702bc000-7030a000 rwxp 00000000 00:00 0          [stack:32636]
7030a000-7034d000 r-xp 00000000 08:05 529615     /usr/java/jdk1.6.0_31/jre/lib/i386/xawt/libmawt.so
7034d000-7034f000 rwxp 00043000 08:05 529615     /usr/java/jdk1.6.0_31/jre/lib/i386/xawt/libmawt.so
7034f000-70350000 rwxp 00000000 00:00 0 
70350000-703d5000 r-xp 00000000 08:05 529568     /usr/java/jdk1.6.0_31/jre/lib/i386/libawt.so
703d5000-703dc000 rwxp 00085000 08:05 529568     /usr/java/jdk1.6.0_31/jre/lib/i386/libawt.so
703dc000-70400000 rwxp 00000000 00:00 0 
70400000-704fc000 rwxp 00000000 00:00 0 
704fc000-70500000 ---p 00000000 00:00 0 
7050f000-70588000 r-xp 00000000 08:05 529573     /usr/java/jdk1.6.0_31/jre/lib/i386/libfontmanager.so
70588000-70592000 rwxp 00078000 08:05 529573     /usr/java/jdk1.6.0_31/jre/lib/i386/libfontmanager.so
70592000-70597000 rwxp 00000000 00:00 0 
70597000-705fe000 r-xp 00000000 08:05 525633     /tmp/libgdxNushio/79053940/libgdx.so
705fe000-705ff000 r-xp 00066000 08:05 525633     /tmp/libgdxNushio/79053940/libgdx.so
705ff000-70600000 rwxp 00067000 08:05 525633     /tmp/libgdxNushio/79053940/libgdx.so
70600000-706f9000 rwxp 00000000 00:00 0 
706f9000-70700000 ---p 00000000 00:00 0 
7071d000-70746000 rwxp 00000000 00:00 0 
70746000-70747000 ---p 00000000 00:00 0 
70747000-707c7000 rwxp 00000000 00:00 0          [stack:32635]
707c7000-707ca000 ---p 00000000 00:00 0 
707ca000-70818000 rwxp 00000000 00:00 0          [stack:32634]
70818000-7081b000 ---p 00000000 00:00 0 
7081b000-70899000 rwxp 00000000 00:00 0          [stack:32633]
70899000-7089c000 ---p 00000000 00:00 0 
7089c000-7091a000 rwxp 00000000 00:00 0          [stack:32632]
7091a000-7091d000 ---p 00000000 00:00 0 
7091d000-7096b000 rwxp 00000000 00:00 0          [stack:32629]
7096b000-7096e000 ---p 00000000 00:00 0 
7096e000-709bc000 rwxp 00000000 00:00 0          [stack:32628]
709bc000-709bf000 ---p 00000000 00:00 0 
709bf000-70a0d000 rwxp 00000000 00:00 0          [stack:32625]
70a0d000-70a10000 ---p 00000000 00:00 0 
70a10000-70a5e000 rwxp 00000000 00:00 0          [stack:32622]
70a5e000-70a61000 ---p 00000000 00:00 0 
70a61000-70aaf000 rwxp 00000000 00:00 0          [stack:32621]
70aaf000-70ab0000 ---p 00000000 00:00 0 
70ab0000-70b64000 rwxp 00000000 00:00 0          [stack:32619]
70b64000-70d00000 r-xs 030c2000 08:05 539948     /usr/java/jdk1.6.0_31/jre/lib/rt.jar
70d00000-70d21000 rwxp 00000000 00:00 0 
70d21000-70e00000 ---p 00000000 00:00 0 
70e0c000-70e13000 r-xs 00000000 08:05 786687     /usr/lib/gconv/gconv-modules.cache
70e13000-70e2e000 r-xs 00218000 fd:00 8931937    /home/Nushio/SparkleShare/workspace/Unsealed/Unsealed/libs/gdx-backend-jogl.jar
70e2e000-70e31000 ---p 00000000 00:00 0 
70e31000-70e7f000 rwxp 00000000 00:00 0          [stack:32623]
70e7f000-70e80000 ---p 00000000 00:00 0 
70e80000-70f00000 rwxp 00000000 00:00 0          [stack:32618]
70f00000-70f21000 rwxp 00000000 00:00 0 
70f21000-71000000 ---p 00000000 00:00 0 
71000000-71014000 r-xp 00000000 08:05 529596     /usr/java/jdk1.6.0_31/jre/lib/i386/libnet.so
71014000-71015000 rwxp 00013000 08:05 529596     /usr/java/jdk1.6.0_31/jre/lib/i386/libnet.so
71015000-71028000 r-xs 0013c000 fd:00 8931938    /home/Nushio/SparkleShare/workspace/Unsealed/Unsealed/libs/gdx-backend-lwjgl.jar
71028000-71041000 r-xs 001dc000 fd:00 8931942    /home/Nushio/SparkleShare/workspace/Unsealed/Unsealed/libs/gdx-tools.jar
71041000-71042000 ---p 00000000 00:00 0 
71042000-710ca000 rwxp 00000000 00:00 0          [stack:32614]
710ca000-710e2000 rwxp 00000000 00:00 0 
710e2000-710f7000 rwxp 00000000 00:00 0 
710f7000-7122e000 rwxp 00000000 00:00 0 
7122e000-71236000 rwxp 00000000 00:00 0 
71236000-7124e000 rwxp 00000000 00:00 0 
7124e000-71263000 rwxp 00000000 00:00 0 
71263000-71399000 rwxp 00000000 00:00 0 
71399000-713a3000 rwxp 00000000 00:00 0 
713a3000-713a4000 ---p 00000000 00:00 0 
713a4000-7143f000 rwxp 00000000 00:00 0 
7143f000-72440000 rwxp 00000000 00:00 0 
72440000-75440000 rwxp 00000000 00:00 0 
75440000-77da0000 rwxp 00000000 00:00 0 
77da0000-9eaf0000 rwxp 00000000 00:00 0 
9eaf0000-9fcd0000 rwxp 00000000 00:00 0 
9fcd0000-9ffa0000 ---p 00000000 00:00 0 
9ffa0000-b3640000 rwxp 00000000 00:00 0 
b3640000-b3649000 rwxp 00000000 00:00 0 
b3649000-b3700000 rwxp 00000000 00:00 0 
b3700000-b3940000 rwxp 00000000 00:00 0 
b3940000-b6700000 rwxp 00000000 00:00 0 
b6700000-b6900000 r-xp 00000000 08:05 420929     /usr/lib/locale/locale-archive
b6900000-b69ff000 rwxp 00000000 00:00 0 
b69ff000-b6a00000 ---p 00000000 00:00 0 
b6a05000-b6a0a000 r-xp 00000000 08:05 179329     /usr/lib/libnss_dns-2.15.so
b6a0a000-b6a0b000 r-xp 00004000 08:05 179329     /usr/lib/libnss_dns-2.15.so
b6a0b000-b6a0c000 rwxp 00005000 08:05 179329     /usr/lib/libnss_dns-2.15.so
b6a0f000-b6a16000 r-xp 00000000 08:05 529597     /usr/java/jdk1.6.0_31/jre/lib/i386/libnio.so
b6a16000-b6a17000 rwxp 00006000 08:05 529597     /usr/java/jdk1.6.0_31/jre/lib/i386/libnio.so
b6a17000-b6a27000 r-xs 000e2000 fd:00 8931943    /home/Nushio/SparkleShare/workspace/Unsealed/Unsealed/libs/gdx.jar
b6a27000-b6a32000 r-xp 00000000 08:05 179397     /usr/lib/libnss_files-2.15.so
b6a32000-b6a33000 r-xp 0000a000 08:05 179397     /usr/lib/libnss_files-2.15.so
b6a33000-b6a34000 rwxp 0000b000 08:05 179397     /usr/lib/libnss_files-2.15.so
b6a34000-b6a3e000 r-xp 00000000 08:05 179335     /usr/lib/libnss_nis-2.15.so
b6a3e000-b6a3f000 r-xp 00009000 08:05 179335     /usr/lib/libnss_nis-2.15.so
b6a3f000-b6a40000 rwxp 0000a000 08:05 179335     /usr/lib/libnss_nis-2.15.so
b6a40000-b6a48000 r-xp 00000000 08:05 179395     /usr/lib/libnss_compat-2.15.so
b6a48000-b6a49000 r-xp 00007000 08:05 179395     /usr/lib/libnss_compat-2.15.so
b6a49000-b6a4a000 rwxp 00008000 08:05 179395     /usr/lib/libnss_compat-2.15.so
b6a4a000-b6a4b000 r-xp 00000000 08:05 529586     /usr/java/jdk1.6.0_31/jre/lib/i386/libjawt.so
b6a4b000-b6a4c000 rwxp 00000000 08:05 529586     /usr/java/jdk1.6.0_31/jre/lib/i386/libjawt.so
b6a4c000-b6a4d000 r-xs 00002000 fd:00 8931940    /home/Nushio/SparkleShare/workspace/Unsealed/Unsealed/libs/gdx-tiled-preprocessor.jar
b6a4d000-b6a4f000 r-xs 0022a000 fd:00 8936863    /home/Nushio/SparkleShare/workspace/Unsealed/Unsealed/libs/gdx-backend-jogl-natives.jar
b6a4f000-b6a50000 r-xs 00127000 fd:00 8931939    /home/Nushio/SparkleShare/workspace/Unsealed/Unsealed/libs/gdx-natives.jar
b6a50000-b6a53000 r-xp 00000000 08:05 529572     /usr/java/jdk1.6.0_31/jre/lib/i386/libdt_socket.so
b6a53000-b6a54000 rwxp 00003000 08:05 529572     /usr/java/jdk1.6.0_31/jre/lib/i386/libdt_socket.so
b6a54000-b6a63000 r-xp 00000000 08:05 529605     /usr/java/jdk1.6.0_31/jre/lib/i386/libzip.so
b6a63000-b6a65000 rwxp 0000e000 08:05 529605     /usr/java/jdk1.6.0_31/jre/lib/i386/libzip.so
b6a65000-b6a9f000 r-xp 00000000 08:05 529587     /usr/java/jdk1.6.0_31/jre/lib/i386/libjdwp.so
b6a9f000-b6aa0000 rwxp 00039000 08:05 529587     /usr/java/jdk1.6.0_31/jre/lib/i386/libjdwp.so
b6aa0000-b6ac3000 r-xp 00000000 08:05 529581     /usr/java/jdk1.6.0_31/jre/lib/i386/libjava.so
b6ac3000-b6ac5000 rwxp 00023000 08:05 529581     /usr/java/jdk1.6.0_31/jre/lib/i386/libjava.so
b6ac5000-b6ac8000 ---p 00000000 00:00 0 
b6ac8000-b6b16000 rwxp 00000000 00:00 0          [stack:32611]
b6b16000-b72c8000 r-xp 00000000 08:05 529613     /usr/java/jdk1.6.0_31/jre/lib/i386/server/libjvm.so
b72c8000-b731c000 rwxp 007b1000 08:05 529613     /usr/java/jdk1.6.0_31/jre/lib/i386/server/libjvm.so
b731c000-b773c000 rwxp 00000000 00:00 0 
b773c000-b7743000 r-xp 00000000 08:05 529564     /usr/java/jdk1.6.0_31/jre/lib/i386/jli/libjli.so
b7743000-b7745000 rwxp 00006000 08:05 529564     /usr/java/jdk1.6.0_31/jre/lib/i386/jli/libjli.so
b7745000-b7746000 r-xs 0014e000 fd:00 8932821    /home/Nushio/SparkleShare/workspace/Unsealed/Unsealed/libs/gdx-backend-lwjgl-natives.jar
b7746000-b774e000 rwxs 00000000 08:05 393415     /tmp/hsperfdata_Nushio/32609
b774e000-b7751000 r-xp 00000000 08:05 529599     /usr/java/jdk1.6.0_31/jre/lib/i386/libnpt.so
b7751000-b7752000 rwxp 00002000 08:05 529599     /usr/java/jdk1.6.0_31/jre/lib/i386/libnpt.so
b7752000-b7753000 rwxp 00000000 00:00 0 
b7753000-b7754000 r-xp 00000000 00:00 0 
b7754000-b775f000 r-xp 00000000 08:05 529604     /usr/java/jdk1.6.0_31/jre/lib/i386/libverify.so
b775f000-b7760000 rwxp 0000b000 08:05 529604     /usr/java/jdk1.6.0_31/jre/lib/i386/libverify.so
b7760000-b7761000 rwxp 00000000 00:00 0 
b7761000-b7762000 r-xp 00000000 00:00 0          [vdso]
bfc0f000-bfc30000 rwxp 00000000 00:00 0          [stack]

VM Arguments:
jvm_args: -agentlib:jdwp=transport=dt_socket,suspend=y,address=localhost:41751 -Dfile.encoding=UTF-8 
java_command: net.k3rnel.unsealed.DesktopLauncher
Launcher Type: SUN_STANDARD

Environment Variables:
PATH=/usr/lib64/qt-3.3/bin:/usr/lib64/ccache:/usr/local/bin:/usr/bin:/bin:/usr/local/sbin:/usr/sbin:/sbin:/home/Nushio/Workspace/Android-SDK/tools:/home/Nushio/Workspace/Android-SDK/platform-tools:/home/Nushio/bin:/home/Nushio/Workspace/Android-SDK/tools:/home/Nushio/Workspace/Android-SDK/platform-tools:/home/Nushio/.local/bin:/home/Nushio/.local/bin:/home/Nushio/bin
USERNAME=Nushio
LD_LIBRARY_PATH=/usr/java/jdk1.6.0_31/jre/lib/i386/server:/usr/java/jdk1.6.0_31/jre/lib/i386:/usr/java/jdk1.6.0_31/jre/../lib/i386:/usr/java/jdk1.7.0_03/jre/lib/i386/client:/usr/java/jdk1.7.0_03/jre/lib/i386:
SHELL=/bin/bash
DISPLAY=:0

Signal Handlers:
SIGSEGV: [libjvm.so+0x725400], sa_mask[0]=0x7ffbfeff, sa_flags=0x10000004
SIGBUS: [libjvm.so+0x725400], sa_mask[0]=0x7ffbfeff, sa_flags=0x10000004
SIGFPE: [libjvm.so+0x5dff40], sa_mask[0]=0x7ffbfeff, sa_flags=0x10000004
SIGPIPE: [libjvm.so+0x5dff40], sa_mask[0]=0x7ffbfeff, sa_flags=0x10000004
SIGXFSZ: [libjvm.so+0x5dff40], sa_mask[0]=0x7ffbfeff, sa_flags=0x10000004
SIGILL: [libjvm.so+0x5dff40], sa_mask[0]=0x7ffbfeff, sa_flags=0x10000004
SIGUSR1: SIG_DFL, sa_mask[0]=0x00000000, sa_flags=0x00000000
SIGUSR2: [libjvm.so+0x5e31a0], sa_mask[0]=0x00000004, sa_flags=0x10000004
SIGHUP: [libjvm.so+0x5e2d80], sa_mask[0]=0x7ffbfeff, sa_flags=0x10000004
SIGINT: [libjvm.so+0x5e2d80], sa_mask[0]=0x7ffbfeff, sa_flags=0x10000004
SIGTERM: [libjvm.so+0x5e2d80], sa_mask[0]=0x7ffbfeff, sa_flags=0x10000004
SIGQUIT: [libjvm.so+0x5e2d80], sa_mask[0]=0x7ffbfeff, sa_flags=0x10000004


---------------  S Y S T E M  ---------------

OS:Fedora release 17 (Beefy Miracle)

uname:Linux 3.4.6-2.fc17.i686.PAE #1 SMP Thu Jul 19 21:49:03 UTC 2012 i686
libc:glibc 2.15 NPTL 2.15 
rlimit: STACK 8192k, CORE 0k, NPROC 1024, NOFILE 4096, AS infinity
load average:4.01 2.90 1.82

/proc/meminfo:
MemTotal:        4064100 kB
MemFree:          190016 kB
Buffers:          267072 kB
Cached:          2021212 kB
SwapCached:          188 kB
Active:          2063160 kB
Inactive:        1559096 kB
Active(anon):    1001548 kB
Inactive(anon):   367196 kB
Active(file):    1061612 kB
Inactive(file):  1191900 kB
Unevictable:        3248 kB
Mlocked:            3248 kB
HighTotal:       3218692 kB
HighFree:          42872 kB
LowTotal:         845408 kB
LowFree:          147144 kB
SwapTotal:       1433596 kB
SwapFree:        1431224 kB
Dirty:               724 kB
Writeback:           444 kB
AnonPages:       1337236 kB
Mapped:           168316 kB
Shmem:             32524 kB
Slab:             207592 kB
SReclaimable:     170496 kB
SUnreclaim:        37096 kB
KernelStack:        3760 kB
PageTables:        10668 kB
NFS_Unstable:          0 kB
Bounce:              100 kB
WritebackTmp:          0 kB
CommitLimit:     3465644 kB
Committed_AS:    3247092 kB
VmallocTotal:     122880 kB
VmallocUsed:       30876 kB
VmallocChunk:      60872 kB
HardwareCorrupted:     0 kB
AnonHugePages:    634880 kB
HugePages_Total:       0
HugePages_Free:        0
HugePages_Rsvd:        0
HugePages_Surp:        0
Hugepagesize:       2048 kB
DirectMap4k:       12280 kB
DirectMap2M:      894976 kB


CPU:total 2 (2 cores per cpu, 1 threads per core) family 6 model 23 stepping 10, cmov, cx8, fxsr, mmx, sse, sse2, sse3, ssse3, sse4.1

/proc/cpuinfo:
processor	: 0
vendor_id	: GenuineIntel
cpu family	: 6
model		: 23
model name	: Intel(R) Core(TM)2 Duo CPU     P8700  @ 2.53GHz
stepping	: 10
microcode	: 0xa0b
cpu MHz		: 2534.000
cache size	: 3072 KB
physical id	: 0
siblings	: 2
core id		: 0
cpu cores	: 2
apicid		: 0
initial apicid	: 0
fdiv_bug	: no
hlt_bug		: no
f00f_bug	: no
coma_bug	: no
fpu		: yes
fpu_exception	: yes
cpuid level	: 13
wp		: yes
flags		: fpu vme de pse tsc msr pae mce cx8 apic sep mtrr pge mca cmov pat pse36 clflush dts acpi mmx fxsr sse sse2 ss ht tm pbe nx lm constant_tsc arch_perfmon pebs bts aperfmperf pni dtes64 monitor ds_cpl vmx smx est tm2 ssse3 cx16 xtpr pdcm sse4_1 xsave lahf_lm ida dtherm tpr_shadow vnmi flexpriority
bogomips	: 5054.19
clflush size	: 64
cache_alignment	: 64
address sizes	: 36 bits physical, 48 bits virtual
power management:

processor	: 1
vendor_id	: GenuineIntel
cpu family	: 6
model		: 23
model name	: Intel(R) Core(TM)2 Duo CPU     P8700  @ 2.53GHz
stepping	: 10
microcode	: 0xa0b
cpu MHz		: 2534.000
cache size	: 3072 KB
physical id	: 0
siblings	: 2
core id		: 1
cpu cores	: 2
apicid		: 1
initial apicid	: 1
fdiv_bug	: no
hlt_bug		: no
f00f_bug	: no
coma_bug	: no
fpu		: yes
fpu_exception	: yes
cpuid level	: 13
wp		: yes
flags		: fpu vme de pse tsc msr pae mce cx8 apic sep mtrr pge mca cmov pat pse36 clflush dts acpi mmx fxsr sse sse2 ss ht tm pbe nx lm constant_tsc arch_perfmon pebs bts aperfmperf pni dtes64 monitor ds_cpl vmx smx est tm2 ssse3 cx16 xtpr pdcm sse4_1 xsave lahf_lm ida dtherm tpr_shadow vnmi flexpriority
bogomips	: 5054.19
clflush size	: 64
cache_alignment	: 64
address sizes	: 36 bits physical, 48 bits virtual
power management:



Memory: 4k page, physical 4064100k(190016k free), swap 1433596k(1431224k free)

vm_info: Java HotSpot(TM) Server VM (20.6-b01) for linux-x86 JRE (1.6.0_31-b04), built on Jan 20 2012 10:11:00 by "java_re" with gcc 3.2.1-7a (J2SE release)

time: Sun Jul 22 23:29:37 2012
elapsed time: 345 seconds

