#
# A fatal error has been detected by the Java Runtime Environment:
#
#  SIGBUS (0x7) at pc=0x705d281d, pid=25287, tid=1863912256
#
# JRE version: 6.0_31-b04
# Java VM: Java HotSpot(TM) Server VM (20.6-b01 mixed mode linux-x86 )
# Problematic frame:
# 
[error occurred during error reporting (printing problematic frame), id 0x7]

# If you would like to submit a bug report, please visit:
#   http://java.sun.com/webapps/bugreport/crash.jsp
# The crash happened outside the Java Virtual Machine in native code.
# See problematic frame for where to report the bug.
#

---------------  T H R E A D  ---------------

Current thread (0x7045e800):  JavaThread "LWJGL Application" [_thread_in_native, id=25319, stack(0x6f140000,0x6f191000)]

siginfo:si_signo=SIGBUS: si_errno=0, si_code=2 (BUS_ADRERR), si_addr=0x705f10ac

Registers:
EAX=0x7552d384, EBX=0x705feff4, ECX=0x00000d00, EDX=0x00000000
ESP=0x6f18fe00, EBP=0x6f18fef8, ESI=0x7045e920, EDI=0x6f18ff0c
EIP=0x705d281d, EFLAGS=0x00210246, CR2=0x705f10ac

Top of Stack: (sp=0x6f18fe00)
0x6f18fe00:   7045e920 6f18ff0c 00000000 b6eda3b9
0x6f18fe10:   7045e800 00000000 6ee09ff4 6f18fe74
0x6f18fe20:   7045e800 0c110018 6eb58fd0 00000001
0x6f18fe30:   7045e800 6eab0286 6ee09ff4 00000000
0x6f18fe40:   6c287898 0c110018 63700018 7552d268
0x6f18fe50:   7552d2d4 7045e920 6f18fef8 705d34a1
0x6f18fe60:   7045e920 6f18ff14 b4c1a492 80000000
0x6f18fe70:   00000000 00000000 00000000 00000000 

Instructions: (pc=0x705d281d)
0x705d27fd:   f3 0f 10 bd 74 ff ff ff f3 0f 59 f9 f3 0f 5c c7
0x705d280d:   f3 0f 10 bd 70 ff ff ff f3 0f 59 f9 f3 0f 58 c7
0x705d281d:   0f 2e 83 b8 20 ff ff 7a 06 0f 84 65 07 00 00 f3
0x705d282d:   0f 10 7d e0 ba 01 00 00 00 f3 0f 59 fc f3 0f 11 

Register to memory mapping:

EAX=0x7552d384 is an oop
[F 
 - klass: {type array float}
 - length: 16
EBX=